<?xml version="1.0" encoding="UTF-8"?>
<testng-results skipped="0" failed="0" total="1" passed="1">
  <reporter-output>
  </reporter-output>
  <suite name="Suite" duration-ms="77051" started-at="2018-11-03T21:00:50Z" finished-at="2018-11-03T21:02:07Z">
    <groups>
    </groups>
    <test name="EmailTest-CH" duration-ms="0" started-at="2018-11-03T21:02:07Z" finished-at="2018-11-03T21:02:07Z">
    </test>
    <test name="EmailTest-FF" duration-ms="76936" started-at="2018-11-03T21:00:50Z" finished-at="2018-11-03T21:02:07Z">
      <class name="ru.mail.LoginTest">
        <test-method status="PASS" signature="methodSetUp(java.lang.String)[pri:0, instance:ru.mail.LoginTest@1bb089b]" name="methodSetUp" is-config="true" duration-ms="24895" started-at="2018-11-03T21:00:50Z" finished-at="2018-11-03T21:01:15Z">
          <params>
            <param index="0">
              <value>
                <![CDATA[firefox]]>
              </value>
            </param>
          </params>
        </test-method>
        <test-method status="PASS" signature="positiveLoginTest()[pri:0, instance:ru.mail.LoginTest@1bb089b]" name="positiveLoginTest" duration-ms="52001" started-at="2018-11-03T21:01:15Z" finished-at="2018-11-03T21:02:07Z">
        </test-method>
        <test-method status="PASS" signature="methodTearDown()[pri:0, instance:ru.mail.LoginTest@1bb089b]" name="methodTearDown" is-config="true" duration-ms="1" started-at="2018-11-03T21:02:07Z" finished-at="2018-11-03T21:02:07Z">
        </test-method>
      </class>
    </test>
  </suite>
</testng-results>
